<?xml version="1.0" encoding="UTF-8"?>
<!-- Generated by org.testng.reporters.JUnitReportReporter -->
<testsuite hostname="LAPTOP-Q1Q7UQ4S" failures="0" tests="2" name="HomePage" time="2.171" errors="0" timestamp="2024-07-23T23:24:59 EDT" skipped="0">
  <testcase classname="HomePage" name="openBrowser" time="2.169"/>
  <testcase classname="HomePage" name="ExpectedResult" time="0.002"/>
</testsuite> <!-- HomePage -->
