<?xml version="1.0" encoding="UTF-8"?>
<!-- Generated by org.testng.reporters.JUnitReportReporter -->
<testsuite hostname="LAPTOP-Q1Q7UQ4S" failures="0" tests="3" name="AddNewEntryForm2" time="7.751" errors="0" timestamp="2024-07-23T23:33:16 EDT" skipped="0">
  <testcase classname="AddNewEntryForm2" name="openBrowser" time="1.921"/>
  <testcase classname="AddNewEntryForm2" name="AddNewEntry" time="0.632"/>
  <testcase classname="AddNewEntryForm2" name="closeBrowser" time="5.198"/>
</testsuite> <!-- AddNewEntryForm2 -->
