<?xml version="1.0" encoding="UTF-8"?>
<!-- Generated by org.testng.reporters.JUnitReportReporter -->
<testsuite hostname="LAPTOP-Q1Q7UQ4S" failures="0" tests="3" name="AddNewEntryForm1" time="8.700" errors="0" timestamp="2024-07-23T23:31:41 EDT" skipped="0">
  <testcase classname="AddNewEntryForm1" name="openBrowser" time="2.149"/>
  <testcase classname="AddNewEntryForm1" name="AddNewEntry" time="1.285"/>
  <testcase classname="AddNewEntryForm1" name="closeBrowser" time="5.266"/>
</testsuite> <!-- AddNewEntryForm1 -->
