<?xml version="1.0" encoding="UTF-8"?>
<!-- Generated by org.testng.reporters.JUnitReportReporter -->
<testsuite hostname="LAPTOP-Q1Q7UQ4S" failures="0" tests="2" name="AddNewEntryForm" time="3.527" errors="0" timestamp="2024-07-23T23:28:37 EDT" skipped="0">
  <testcase classname="AddNewEntryForm" name="openBrowser" time="1.827"/>
  <testcase classname="AddNewEntryForm" name="AddNewEntry" time="1.700"/>
</testsuite> <!-- AddNewEntryForm -->
